  [1m[36m (0.1ms)[0m  [1mselect sqlite_version(*)[0m
  [1m[35m (129.3ms)[0m  CREATE TABLE "schema_migrations" ("version" varchar(255) NOT NULL) 
  [1m[36m (0.1ms)[0m  [1mPRAGMA index_list("schema_migrations")[0m
  [1m[35m (82.1ms)[0m  CREATE UNIQUE INDEX "unique_schema_migrations" ON "schema_migrations" ("version")
  [1m[36m (0.1ms)[0m  [1mSELECT "schema_migrations"."version" FROM "schema_migrations" [0m
Migrating to CreatePosts (20110514215431)
  [1m[35m (0.5ms)[0m  CREATE TABLE "posts" ("id" INTEGER PRIMARY KEY AUTOINCREMENT NOT NULL, "title" varchar(255), "body" text, "rendered_body" text, "created_at" datetime, "updated_at" datetime) 
  [1m[36m (0.1ms)[0m  [1mINSERT INTO "schema_migrations" ("version") VALUES ('20110514215431')[0m
Migrating to AddUserIdToPosts (20110517200902)
  [1m[35m (0.6ms)[0m  ALTER TABLE "posts" ADD "user_id" integer
  [1m[36m (0.1ms)[0m  [1mINSERT INTO "schema_migrations" ("version") VALUES ('20110517200902')[0m
Migrating to CreateUsers (20110517201214)
  [1m[35m (0.6ms)[0m  CREATE TABLE "users" ("id" INTEGER PRIMARY KEY AUTOINCREMENT NOT NULL, "email" varchar(255), "password_digest" varchar(255), "first_name" varchar(255), "last_name" varchar(255), "admin" boolean, "author" boolean, "active" boolean, "created_at" datetime, "updated_at" datetime) 
  [1m[36m (0.2ms)[0m  [1mINSERT INTO "schema_migrations" ("version") VALUES ('20110517201214')[0m
Migrating to AddPublishedToPosts (20110520113555)
  [1m[35m (0.6ms)[0m  ALTER TABLE "posts" ADD "published" boolean
  [1m[36m (0.1ms)[0m  [1mINSERT INTO "schema_migrations" ("version") VALUES ('20110520113555')[0m
Migrating to AddPublishedAtToPosts (20110520113638)
  [1m[35m (0.6ms)[0m  ALTER TABLE "posts" ADD "published_at" datetime
  [1m[36m (0.2ms)[0m  [1mINSERT INTO "schema_migrations" ("version") VALUES ('20110520113638')[0m
Migrating to CreateComments (20110520141117)
  [1m[35m (0.4ms)[0m  CREATE TABLE "comments" ("id" INTEGER PRIMARY KEY AUTOINCREMENT NOT NULL, "body" text, "post_id" integer, "user_id" integer, "created_at" datetime, "updated_at" datetime) 
  [1m[36m (0.1ms)[0m  [1mINSERT INTO "schema_migrations" ("version") VALUES ('20110520141117')[0m
Migrating to CreateCategories (20110527135252)
  [1m[35m (0.3ms)[0m  CREATE TABLE "categories" ("id" INTEGER PRIMARY KEY AUTOINCREMENT NOT NULL, "name" varchar(255), "created_at" datetime, "updated_at" datetime) 
  [1m[36m (0.1ms)[0m  [1mINSERT INTO "schema_migrations" ("version") VALUES ('20110527135252')[0m
Migrating to AddCategoryIdToPost (20110527140513)
  [1m[35m (0.6ms)[0m  ALTER TABLE "posts" ADD "category_id" integer
  [1m[36m (0.2ms)[0m  [1mINSERT INTO "schema_migrations" ("version") VALUES ('20110527140513')[0m
Migrating to ActsAsTaggableOnMigration (20110530123117)
  [1m[35m (0.4ms)[0m  CREATE TABLE "tags" ("id" INTEGER PRIMARY KEY AUTOINCREMENT NOT NULL, "name" varchar(255)) 
  [1m[36m (0.2ms)[0m  [1mCREATE TABLE "taggings" ("id" INTEGER PRIMARY KEY AUTOINCREMENT NOT NULL, "tag_id" integer, "taggable_id" integer, "taggable_type" varchar(255), "tagger_id" integer, "tagger_type" varchar(255), "context" varchar(255), "created_at" datetime) [0m
  [1m[35m (0.0ms)[0m  PRAGMA index_list("taggings")
  [1m[36m (0.1ms)[0m  [1mCREATE INDEX "index_taggings_on_tag_id" ON "taggings" ("tag_id")[0m
  [1m[35m (0.0ms)[0m  PRAGMA index_list("taggings")
  [1m[36m (0.0ms)[0m  [1mPRAGMA index_info('index_taggings_on_tag_id')[0m
  [1m[35m (0.2ms)[0m  CREATE INDEX "index_taggings_on_taggable_id_and_taggable_type_and_context" ON "taggings" ("taggable_id", "taggable_type", "context")
  [1m[36m (0.1ms)[0m  [1mINSERT INTO "schema_migrations" ("version") VALUES ('20110530123117')[0m
Migrating to AddSpotFieldToPosts (20110602112314)
  [1m[35m (0.6ms)[0m  ALTER TABLE "posts" ADD "spot" text
  [1m[36m (0.2ms)[0m  [1mINSERT INTO "schema_migrations" ("version") VALUES ('20110602112314')[0m
Migrating to AddPhotosToUsers (20110608102537)
  [1m[35m (0.6ms)[0m  ALTER TABLE "users" ADD "photo_file_name" varchar(255)
  [1m[36m (0.2ms)[0m  [1mALTER TABLE "users" ADD "photo_content_type" varchar(255)[0m
  [1m[35m (0.2ms)[0m  ALTER TABLE "users" ADD "photo_file_size" integer
  [1m[36m (0.1ms)[0m  [1mINSERT INTO "schema_migrations" ("version") VALUES ('20110608102537')[0m
  [1m[35m (0.1ms)[0m  SELECT "schema_migrations"."version" FROM "schema_migrations" 
  [1m[36m (0.0ms)[0m  [1mPRAGMA index_list("categories")[0m
  [1m[35m (0.0ms)[0m  PRAGMA index_list("comments")
  [1m[36m (0.0ms)[0m  [1mPRAGMA index_list("posts")[0m
  [1m[35m (0.0ms)[0m  PRAGMA index_list("taggings")
  [1m[36m (0.0ms)[0m  [1mPRAGMA index_info('index_taggings_on_taggable_id_and_taggable_type_and_context')[0m
  [1m[35m (0.0ms)[0m  PRAGMA index_info('index_taggings_on_tag_id')
  [1m[36m (0.0ms)[0m  [1mPRAGMA index_list("tags")[0m
  [1m[35m (0.0ms)[0m  PRAGMA index_list("users")
  [1m[36m (0.2ms)[0m  [1mSELECT "schema_migrations"."version" FROM "schema_migrations" [0m
  [1m[35m (0.2ms)[0m  SELECT 1 FROM "users" WHERE "users"."email" = 'admin@yh.com.tr' LIMIT 1
  [1m[36mSQL (44.1ms)[0m  [1mINSERT INTO "users" ("active", "admin", "author", "created_at", "email", "first_name", "last_name", "password_digest", "photo_content_type", "photo_file_name", "photo_file_size", "updated_at") VALUES (?, ?, ?, ?, ?, ?, ?, ?, ?, ?, ?, ?)[0m  [["active", nil], ["admin", true], ["author", true], ["created_at", Wed, 22 Jun 2011 12:35:28 UTC +00:00], ["email", "admin@yh.com.tr"], ["first_name", "admin"], ["last_name", "user"], ["password_digest", "$2a$10$zbCjEiitLDnK.Cb2ZdV8euOFA5FUjSRQ/qEsYGkX9NL32aNdnGN72"], ["photo_content_type", nil], ["photo_file_name", nil], ["photo_file_size", nil], ["updated_at", Wed, 22 Jun 2011 12:35:28 UTC +00:00]]
[paperclip] Saving attachments.
